0 info it worked if it ends with ok
1 verbose cli [ '/usr/bin/nodejs', '/usr/bin/npm', 'install', '-g', 'standard' ]
2 info using npm@3.5.2
3 info using node@v4.2.6
4 silly loadCurrentTree Starting
5 silly install loadCurrentTree
6 silly install readGlobalPackageData
7 silly fetchPackageMetaData standard
8 silly fetchNamedPackageData standard
9 silly mapToRegistry name standard
10 silly mapToRegistry using default registry
11 silly mapToRegistry registry https://registry.npmjs.org/
12 silly mapToRegistry uri https://registry.npmjs.org/standard
13 verbose request uri https://registry.npmjs.org/standard
14 verbose request no auth needed
15 info attempt registry request try #1 at 5:05:47 PM
16 verbose request id 7eb56aceb5d09cfb
17 http request GET https://registry.npmjs.org/standard
18 http 200 https://registry.npmjs.org/standard
19 verbose headers { 'content-type': 'application/json; charset=UTF-8',
19 verbose headers   server: 'UploadServer',
19 verbose headers   'cache-control': 'max-age=300',
19 verbose headers   'last-modified': 'Thu, 22 Feb 2018 4:15:09 GMT',
19 verbose headers   etag: '"5a8e43cd-50583"',
19 verbose headers   'x-npm-region': 'Asia',
19 verbose headers   'content-encoding': 'gzip',
19 verbose headers   'content-length': '30589',
19 verbose headers   'accept-ranges': 'bytes',
19 verbose headers   date: 'Sun, 25 Feb 2018 11:35:48 GMT',
19 verbose headers   via: '1.1 varnish',
19 verbose headers   age: '8135',
19 verbose headers   connection: 'keep-alive',
19 verbose headers   'x-served-by': 'cache-sin18031-SIN',
19 verbose headers   'x-cache': 'HIT',
19 verbose headers   'x-cache-hits': '1',
19 verbose headers   'x-timer': 'S1519558548.471014,VS0,VE1',
19 verbose headers   vary: 'Accept-Encoding, Accept' }
20 silly get cb [ 200,
20 silly get   { 'content-type': 'application/json; charset=UTF-8',
20 silly get     server: 'UploadServer',
20 silly get     'cache-control': 'max-age=300',
20 silly get     'last-modified': 'Thu, 22 Feb 2018 4:15:09 GMT',
20 silly get     etag: '"5a8e43cd-50583"',
20 silly get     'x-npm-region': 'Asia',
20 silly get     'content-encoding': 'gzip',
20 silly get     'content-length': '30589',
20 silly get     'accept-ranges': 'bytes',
20 silly get     date: 'Sun, 25 Feb 2018 11:35:48 GMT',
20 silly get     via: '1.1 varnish',
20 silly get     age: '8135',
20 silly get     connection: 'keep-alive',
20 silly get     'x-served-by': 'cache-sin18031-SIN',
20 silly get     'x-cache': 'HIT',
20 silly get     'x-cache-hits': '1',
20 silly get     'x-timer': 'S1519558548.471014,VS0,VE1',
20 silly get     vary: 'Accept-Encoding, Accept' } ]
21 verbose get saving standard to /home/anmol/.npm/registry.npmjs.org/standard/.cache.json
22 verbose makeDirectory /home/anmol/.npm creation not in flight; initializing
23 silly makeDirectory /home/anmol/.npm uid: 1000 gid: 1000
24 silly install normalizeTree
25 silly loadCurrentTree Finishing
26 silly loadIdealTree Starting
27 silly install loadIdealTree
28 silly cloneCurrentTree Starting
29 silly install cloneCurrentTreeToIdealTree
30 silly cloneCurrentTree Finishing
31 silly loadShrinkwrap Starting
32 silly install loadShrinkwrap
33 silly loadShrinkwrap Finishing
34 silly loadAllDepsIntoIdealTree Starting
35 silly install loadAllDepsIntoIdealTree
36 silly resolveWithNewModule standard@11.0.0 checking installable status
37 silly cache add args [ 'standard', null ]
38 verbose cache add spec standard
39 silly cache add parsed spec Result {
39 silly cache add   raw: 'standard',
39 silly cache add   scope: null,
39 silly cache add   name: 'standard',
39 silly cache add   rawSpec: '',
39 silly cache add   spec: 'latest',
39 silly cache add   type: 'tag' }
40 silly addNamed standard@latest
41 verbose addNamed "latest" is being treated as a dist-tag for standard
42 info addNameTag [ 'standard', 'latest' ]
43 silly mapToRegistry name standard
44 silly mapToRegistry using default registry
45 silly mapToRegistry registry https://registry.npmjs.org/
46 silly mapToRegistry uri https://registry.npmjs.org/standard
47 verbose addNameTag registry:https://registry.npmjs.org/standard not in flight; fetching
48 verbose get https://registry.npmjs.org/standard not expired, no request
49 silly addNameTag next cb for standard with tag latest
50 silly addNamed standard@11.0.0
51 verbose addNamed "11.0.0" is a plain semver version for standard
52 silly mapToRegistry name standard
53 silly mapToRegistry using default registry
54 silly mapToRegistry registry https://registry.npmjs.org/
55 silly mapToRegistry uri https://registry.npmjs.org/standard
56 verbose addRemoteTarball https://registry.npmjs.org/standard/-/standard-11.0.0.tgz not in flight; adding
57 verbose addRemoteTarball [ 'https://registry.npmjs.org/standard/-/standard-11.0.0.tgz',
57 verbose addRemoteTarball   '0ba18c753f68883fbfffedf3e38534a6b9d26dca' ]
58 info retry fetch attempt 1 at 5:05:48 PM
59 info attempt registry request try #1 at 5:05:48 PM
60 http fetch GET https://registry.npmjs.org/standard/-/standard-11.0.0.tgz
61 http fetch 200 https://registry.npmjs.org/standard/-/standard-11.0.0.tgz
62 silly fetchAndShaCheck shasum 0ba18c753f68883fbfffedf3e38534a6b9d26dca
63 silly rollbackFailedOptional Starting
64 silly rollbackFailedOptional Finishing
65 silly runTopLevelLifecycles Starting
66 silly runTopLevelLifecycles Finishing
67 silly install printInstalled
68 verbose stack Error: shasum check failed for /tmp/npm-10850-41d82e09/registry.npmjs.org/standard/-/standard-11.0.0.tgz
68 verbose stack Expected: 0ba18c753f68883fbfffedf3e38534a6b9d26dca
68 verbose stack Actual:   48a3e4d89675badd51aad5bd4da7e88e215a3c86
68 verbose stack From:     https://registry.npmjs.org/standard/-/standard-11.0.0.tgz
68 verbose stack     at /usr/share/npm/node_modules/sha/index.js:25:8
68 verbose stack     at ReadStream.<anonymous> (/usr/share/npm/node_modules/sha/index.js:72:7)
68 verbose stack     at emitNone (events.js:72:20)
68 verbose stack     at ReadStream.emit (events.js:166:7)
68 verbose stack     at endReadableNT (_stream_readable.js:905:12)
68 verbose stack     at nextTickCallbackWith2Args (node.js:441:9)
68 verbose stack     at process._tickCallback (node.js:355:17)
69 verbose cwd /home/anmol/VS Projects/My first website
70 error Linux 4.4.0-97-generic
71 error argv "/usr/bin/nodejs" "/usr/bin/npm" "install" "-g" "standard"
72 error node v4.2.6
73 error npm  v3.5.2
74 error shasum check failed for /tmp/npm-10850-41d82e09/registry.npmjs.org/standard/-/standard-11.0.0.tgz
74 error Expected: 0ba18c753f68883fbfffedf3e38534a6b9d26dca
74 error Actual:   48a3e4d89675badd51aad5bd4da7e88e215a3c86
74 error From:     https://registry.npmjs.org/standard/-/standard-11.0.0.tgz
75 error If you need help, you may report this error at:
75 error     <https://github.com/npm/npm/issues>
76 verbose exit [ 1, true ]
